<?xml version="1.0" encoding="UTF-8"?>
<testsuite name="com.juht.calculator.CalculatorApplicationTests" tests="1" skipped="0" failures="0" errors="0" timestamp="2019-04-16T05:00:16" hostname="student-HP-ProDesk-400-G2-MT-TPM-DP" time="0.458">
  <properties/>
  <testcase name="contextLoads" classname="com.juht.calculator.CalculatorApplicationTests" time="0.458"/>
  <system-out><![CDATA[14:00:12.533 [Test worker] DEBUG org.springframework.test.context.junit4.SpringJUnit4ClassRunner - SpringJUnit4ClassRunner constructor called with [class com.juht.calculator.CalculatorApplicationTests]
14:00:12.545 [Test worker] DEBUG org.springframework.test.context.BootstrapUtils - Instantiating CacheAwareContextLoaderDelegate from class [org.springframework.test.context.cache.DefaultCacheAwareContextLoaderDelegate]
14:00:12.579 [Test worker] DEBUG org.springframework.test.context.BootstrapUtils - Instantiating BootstrapContext using constructor [public org.springframework.test.context.support.DefaultBootstrapContext(java.lang.Class,org.springframework.test.context.CacheAwareContextLoaderDelegate)]
14:00:12.611 [Test worker] DEBUG org.springframework.test.context.BootstrapUtils - Instantiating TestContextBootstrapper for test class [com.juht.calculator.CalculatorApplicationTests] from class [org.springframework.boot.test.context.SpringBootTestContextBootstrapper]
14:00:12.645 [Test worker] INFO org.springframework.boot.test.context.SpringBootTestContextBootstrapper - Neither @ContextConfiguration nor @ContextHierarchy found for test class [com.juht.calculator.CalculatorApplicationTests], using SpringBootContextLoader
14:00:12.651 [Test worker] DEBUG org.springframework.test.context.support.AbstractContextLoader - Did not detect default resource location for test class [com.juht.calculator.CalculatorApplicationTests]: class path resource [com/juht/calculator/CalculatorApplicationTests-context.xml] does not exist
14:00:12.652 [Test worker] DEBUG org.springframework.test.context.support.AbstractContextLoader - Did not detect default resource location for test class [com.juht.calculator.CalculatorApplicationTests]: class path resource [com/juht/calculator/CalculatorApplicationTestsContext.groovy] does not exist
14:00:12.652 [Test worker] INFO org.springframework.test.context.support.AbstractContextLoader - Could not detect default resource locations for test class [com.juht.calculator.CalculatorApplicationTests]: no resource found for suffixes {-context.xml, Context.groovy}.
14:00:12.653 [Test worker] INFO org.springframework.test.context.support.AnnotationConfigContextLoaderUtils - Could not detect default configuration classes for test class [com.juht.calculator.CalculatorApplicationTests]: CalculatorApplicationTests does not declare any static, non-private, non-final, nested classes annotated with @Configuration.
14:00:12.772 [Test worker] DEBUG org.springframework.test.context.support.ActiveProfilesUtils - Could not find an 'annotation declaring class' for annotation type [org.springframework.test.context.ActiveProfiles] and class [com.juht.calculator.CalculatorApplicationTests]
14:00:12.923 [Test worker] DEBUG org.springframework.context.annotation.ClassPathScanningCandidateComponentProvider - Identified candidate component class: file [/home/student/Projects/calculator/build/classes/java/main/com/juht/calculator/CalculatorApplication.class]
14:00:12.937 [Test worker] INFO org.springframework.boot.test.context.SpringBootTestContextBootstrapper - Found @SpringBootConfiguration com.juht.calculator.CalculatorApplication for test class com.juht.calculator.CalculatorApplicationTests
14:00:13.174 [Test worker] DEBUG org.springframework.boot.test.context.SpringBootTestContextBootstrapper - @TestExecutionListeners is not present for class [com.juht.calculator.CalculatorApplicationTests]: using defaults.
14:00:13.175 [Test worker] INFO org.springframework.boot.test.context.SpringBootTestContextBootstrapper - Loaded default TestExecutionListener class names from location [META-INF/spring.factories]: [org.springframework.boot.test.autoconfigure.restdocs.RestDocsTestExecutionListener, org.springframework.boot.test.autoconfigure.web.client.MockRestServiceServerResetTestExecutionListener, org.springframework.boot.test.autoconfigure.web.servlet.MockMvcPrintOnlyOnFailureTestExecutionListener, org.springframework.boot.test.autoconfigure.web.servlet.WebDriverTestExecutionListener, org.springframework.boot.test.mock.mockito.MockitoTestExecutionListener, org.springframework.boot.test.mock.mockito.ResetMocksTestExecutionListener, org.springframework.test.context.web.ServletTestExecutionListener, org.springframework.test.context.support.DirtiesContextBeforeModesTestExecutionListener, org.springframework.test.context.support.DependencyInjectionTestExecutionListener, org.springframework.test.context.support.DirtiesContextTestExecutionListener, org.springframework.test.context.transaction.TransactionalTestExecutionListener, org.springframework.test.context.jdbc.SqlScriptsTestExecutionListener]
14:00:13.331 [Test worker] DEBUG org.springframework.boot.test.context.SpringBootTestContextBootstrapper - Skipping candidate TestExecutionListener [org.springframework.test.context.transaction.TransactionalTestExecutionListener] due to a missing dependency. Specify custom listener classes or make the default listener classes and their required dependencies available. Offending class: [org/springframework/transaction/TransactionDefinition]
14:00:13.332 [Test worker] DEBUG org.springframework.boot.test.context.SpringBootTestContextBootstrapper - Skipping candidate TestExecutionListener [org.springframework.test.context.jdbc.SqlScriptsTestExecutionListener] due to a missing dependency. Specify custom listener classes or make the default listener classes and their required dependencies available. Offending class: [org/springframework/transaction/interceptor/TransactionAttribute]
14:00:13.332 [Test worker] INFO org.springframework.boot.test.context.SpringBootTestContextBootstrapper - Using TestExecutionListeners: [org.springframework.test.context.web.ServletTestExecutionListener@ade9a98, org.springframework.test.context.support.DirtiesContextBeforeModesTestExecutionListener@646095c5, org.springframework.boot.test.mock.mockito.MockitoTestExecutionListener@ac9b73f, org.springframework.boot.test.autoconfigure.SpringBootDependencyInjectionTestExecutionListener@26b2752e, org.springframework.test.context.support.DirtiesContextTestExecutionListener@5846213a, org.springframework.boot.test.autoconfigure.restdocs.RestDocsTestExecutionListener@38e8494a, org.springframework.boot.test.autoconfigure.web.client.MockRestServiceServerResetTestExecutionListener@7f5f6127, org.springframework.boot.test.autoconfigure.web.servlet.MockMvcPrintOnlyOnFailureTestExecutionListener@4af170e7, org.springframework.boot.test.autoconfigure.web.servlet.WebDriverTestExecutionListener@2357d772, org.springframework.boot.test.mock.mockito.ResetMocksTestExecutionListener@590f684b]
14:00:13.335 [Test worker] DEBUG org.springframework.test.annotation.ProfileValueUtils - Retrieved @ProfileValueSourceConfiguration [null] for test class [com.juht.calculator.CalculatorApplicationTests]
14:00:13.336 [Test worker] DEBUG org.springframework.test.annotation.ProfileValueUtils - Retrieved ProfileValueSource type [class org.springframework.test.annotation.SystemProfileValueSource] for class [com.juht.calculator.CalculatorApplicationTests]
14:00:13.337 [Test worker] DEBUG org.springframework.test.annotation.ProfileValueUtils - Retrieved @ProfileValueSourceConfiguration [null] for test class [com.juht.calculator.CalculatorApplicationTests]
14:00:13.337 [Test worker] DEBUG org.springframework.test.annotation.ProfileValueUtils - Retrieved ProfileValueSource type [class org.springframework.test.annotation.SystemProfileValueSource] for class [com.juht.calculator.CalculatorApplicationTests]
14:00:13.342 [Test worker] DEBUG org.springframework.test.context.support.AbstractDirtiesContextTestExecutionListener - Before test class: context [DefaultTestContext@336e2da0 testClass = CalculatorApplicationTests, testInstance = [null], testMethod = [null], testException = [null], mergedContextConfiguration = [WebMergedContextConfiguration@7552afe8 testClass = CalculatorApplicationTests, locations = '{}', classes = '{class com.juht.calculator.CalculatorApplication}', contextInitializerClasses = '[]', activeProfiles = '{}', propertySourceLocations = '{}', propertySourceProperties = '{org.springframework.boot.test.context.SpringBootTestContextBootstrapper=true}', contextCustomizers = set[org.springframework.boot.test.autoconfigure.properties.PropertyMappingContextCustomizer@0, org.springframework.boot.test.autoconfigure.web.servlet.WebDriverContextCustomizerFactory$Customizer@9ca9cfe, org.springframework.boot.test.context.filter.ExcludeFilterContextCustomizer@541a57e1, org.springframework.boot.test.json.DuplicateJsonObjectContextCustomizerFactory$DuplicateJsonObjectContextCustomizer@53ffd4a0, org.springframework.boot.test.mock.mockito.MockitoContextCustomizer@0, org.springframework.boot.test.web.client.TestRestTemplateContextCustomizer@341f9b7d], resourceBasePath = 'src/main/webapp', contextLoader = 'org.springframework.boot.test.context.SpringBootContextLoader', parent = [null]], attributes = map['org.springframework.test.context.web.ServletTestExecutionListener.activateListener' -> true]], class annotated with @DirtiesContext [false] with mode [null].
14:00:13.343 [Test worker] DEBUG org.springframework.test.annotation.ProfileValueUtils - Retrieved @ProfileValueSourceConfiguration [null] for test class [com.juht.calculator.CalculatorApplicationTests]
14:00:13.343 [Test worker] DEBUG org.springframework.test.annotation.ProfileValueUtils - Retrieved ProfileValueSource type [class org.springframework.test.annotation.SystemProfileValueSource] for class [com.juht.calculator.CalculatorApplicationTests]
14:00:13.402 [Test worker] DEBUG org.springframework.test.context.support.TestPropertySourceUtils - Adding inlined properties to environment: {spring.jmx.enabled=false, org.springframework.boot.test.context.SpringBootTestContextBootstrapper=true, server.port=-1}

  .   ____          _            __ _ _
 /\\ / ___'_ __ _ _(_)_ __  __ _ \ \ \ \
( ( )\___ | '_ | '_| | '_ \/ _` | \ \ \ \
 \\/  ___)| |_)| | | | | || (_| |  ) ) ) )
  '  |____| .__|_| |_|_| |_\__, | / / / /
 =========|_|==============|___/=/_/_/_/
 :: Spring Boot ::        (v2.1.4.RELEASE)

2019-04-16 14:00:14.033  INFO 4763 --- [    Test worker] c.j.c.CalculatorApplicationTests         : Starting CalculatorApplicationTests on student-HP-ProDesk-400-G2-MT-TPM-DP with PID 4763 (started by student in /home/student/Projects/calculator)
2019-04-16 14:00:14.038  INFO 4763 --- [    Test worker] c.j.c.CalculatorApplicationTests         : No active profile set, falling back to default profiles: default
2019-04-16 14:00:16.235  INFO 4763 --- [    Test worker] o.s.s.concurrent.ThreadPoolTaskExecutor  : Initializing ExecutorService 'applicationTaskExecutor'
2019-04-16 14:00:16.493  INFO 4763 --- [    Test worker] c.j.c.CalculatorApplicationTests         : Started CalculatorApplicationTests in 3.047 seconds (JVM running for 5.597)
]]></system-out>
  <system-err><![CDATA[]]></system-err>
</testsuite>
